<?xml version="1.0" encoding="UTF-8"?>
<coverage generated="1776721250656" clover="3.2.0">
  <project timestamp="1776721250656" name="All files">
    <metrics statements="20" coveredstatements="20" conditionals="10" coveredconditionals="9" methods="4" coveredmethods="4" elements="34" coveredelements="33" complexity="0" loc="20" ncloc="20" packages="1" files="4" classes="4"/>
    <file name="calculate-segments.js" path="C:\Users\Tuck\AppData\Local\FoundryVTT\Data\systems\continuum-v2\modules\temporal-engine\calculate-segments.js">
      <metrics statements="9" coveredstatements="9" conditionals="10" coveredconditionals="9" methods="1" coveredmethods="1"/>
      <line num="9" count="3" type="cond" truecount="3" falsecount="1"/>
      <line num="11" count="3" type="stmt"/>
      <line num="12" count="3" type="stmt"/>
      <line num="14" count="3" type="stmt"/>
      <line num="15" count="10" type="cond" truecount="4" falsecount="0"/>
      <line num="17" count="6" type="stmt"/>
      <line num="22" count="6" type="stmt"/>
      <line num="29" count="10" type="stmt"/>
      <line num="32" count="3" type="stmt"/>
    </file>
    <file name="constants.js" path="C:\Users\Tuck\AppData\Local\FoundryVTT\Data\systems\continuum-v2\modules\temporal-engine\constants.js">
      <metrics statements="6" coveredstatements="6" conditionals="0" coveredconditionals="0" methods="0" coveredmethods="0"/>
      <line num="6" count="2" type="stmt"/>
      <line num="8" count="2" type="stmt"/>
      <line num="9" count="2" type="stmt"/>
      <line num="10" count="2" type="stmt"/>
      <line num="11" count="2" type="stmt"/>
      <line num="21" count="2" type="stmt"/>
    </file>
    <file name="projection.js" path="C:\Users\Tuck\AppData\Local\FoundryVTT\Data\systems\continuum-v2\modules\temporal-engine\projection.js">
      <metrics statements="2" coveredstatements="2" conditionals="0" coveredconditionals="0" methods="2" coveredmethods="2"/>
      <line num="18" count="1" type="stmt"/>
      <line num="33" count="1" type="stmt"/>
    </file>
    <file name="resolve-coordinates.js" path="C:\Users\Tuck\AppData\Local\FoundryVTT\Data\systems\continuum-v2\modules\temporal-engine\resolve-coordinates.js">
      <metrics statements="3" coveredstatements="3" conditionals="0" coveredconditionals="0" methods="1" coveredmethods="1"/>
      <line num="14" count="3" type="stmt"/>
      <line num="15" count="3" type="stmt"/>
      <line num="16" count="3" type="stmt"/>
    </file>
  </project>
</coverage>
