{"C:\\Users\\Tuck\\AppData\\Local\\FoundryVTT\\Data\\systems\\continuum-v2\\modules\\temporal-engine\\calculate-segments.js": {"path":"C:\\Users\\Tuck\\AppData\\Local\\FoundryVTT\\Data\\systems\\continuum-v2\\modules\\temporal-engine\\calculate-segments.js","statementMap":{"0":{"start":{"line":9,"column":2},"end":{"line":9,"column":48}},"1":{"start":{"line":9,"column":38},"end":{"line":9,"column":48}},"2":{"start":{"line":11,"column":19},"end":{"line":11,"column":21}},"3":{"start":{"line":12,"column":23},"end":{"line":12,"column":27}},"4":{"start":{"line":14,"column":2},"end":{"line":30,"column":3}},"5":{"start":{"line":15,"column":4},"end":{"line":23,"column":5}},"6":{"start":{"line":17,"column":6},"end":{"line":21,"column":8}},"7":{"start":{"line":22,"column":6},"end":{"line":22,"column":36}},"8":{"start":{"line":29,"column":4},"end":{"line":29,"column":38}},"9":{"start":{"line":32,"column":2},"end":{"line":32,"column":18}}},"fnMap":{"0":{"name":"calculateSegments","decl":{"start":{"line":8,"column":16},"end":{"line":8,"column":33}},"loc":{"start":{"line":8,"column":42},"end":{"line":33,"column":1}},"line":8}},"branchMap":{"0":{"loc":{"start":{"line":9,"column":2},"end":{"line":9,"column":48}},"type":"if","locations":[{"start":{"line":9,"column":2},"end":{"line":9,"column":48}},{"start":{},"end":{}}],"line":9},"1":{"loc":{"start":{"line":9,"column":6},"end":{"line":9,"column":36}},"type":"binary-expr","locations":[{"start":{"line":9,"column":6},"end":{"line":9,"column":13}},{"start":{"line":9,"column":17},"end":{"line":9,"column":36}}],"line":9},"2":{"loc":{"start":{"line":15,"column":4},"end":{"line":23,"column":5}},"type":"if","locations":[{"start":{"line":15,"column":4},"end":{"line":23,"column":5}},{"start":{},"end":{}}],"line":15},"3":{"loc":{"start":{"line":15,"column":8},"end":{"line":15,"column":39}},"type":"binary-expr","locations":[{"start":{"line":15,"column":8},"end":{"line":15,"column":23}},{"start":{"line":15,"column":27},"end":{"line":15,"column":39}}],"line":15},"4":{"loc":{"start":{"line":19,"column":19},"end":{"line":19,"column":64}},"type":"cond-expr","locations":[{"start":{"line":19,"column":34},"end":{"line":19,"column":51}},{"start":{"line":19,"column":54},"end":{"line":19,"column":64}}],"line":19}},"s":{"0":3,"1":0,"2":3,"3":3,"4":3,"5":10,"6":6,"7":6,"8":10,"9":3},"f":{"0":3},"b":{"0":[0,3],"1":[3,3],"2":[6,4],"3":[10,7],"4":[3,3]},"meta":{"lastBranch":5,"lastFunction":1,"lastStatement":10,"seen":{"f:8:16:8:33":0,"b:9:2:9:48:undefined:undefined:undefined:undefined":0,"s:9:2:9:48":0,"b:9:6:9:13:9:17:9:36":1,"s:9:38:9:48":1,"s:11:19:11:21":2,"s:12:23:12:27":3,"s:14:2:30:3":4,"b:15:4:23:5:undefined:undefined:undefined:undefined":2,"s:15:4:23:5":5,"b:15:8:15:23:15:27:15:39":3,"s:17:6:21:8":6,"b:19:34:19:51:19:54:19:64":4,"s:22:6:22:36":7,"s:29:4:29:38":8,"s:32:2:32:18":9}}}
,"C:\\Users\\Tuck\\AppData\\Local\\FoundryVTT\\Data\\systems\\continuum-v2\\modules\\temporal-engine\\constants.js": {"path":"C:\\Users\\Tuck\\AppData\\Local\\FoundryVTT\\Data\\systems\\continuum-v2\\modules\\temporal-engine\\constants.js","statementMap":{"0":{"start":{"line":6,"column":29},"end":{"line":6,"column":33}},"1":{"start":{"line":8,"column":33},"end":{"line":8,"column":35}},"2":{"start":{"line":9,"column":31},"end":{"line":9,"column":35}},"3":{"start":{"line":10,"column":30},"end":{"line":10,"column":35}},"4":{"start":{"line":11,"column":31},"end":{"line":11,"column":39}},"5":{"start":{"line":21,"column":28},"end":{"line":21,"column":36}}},"fnMap":{},"branchMap":{},"s":{"0":2,"1":2,"2":2,"3":2,"4":2,"5":2},"f":{},"b":{},"meta":{"lastBranch":0,"lastFunction":0,"lastStatement":6,"seen":{"s:6:29:6:33":0,"s:8:33:8:35":1,"s:9:31:9:35":2,"s:10:30:10:35":3,"s:11:31:11:39":4,"s:21:28:21:36":5}}}
,"C:\\Users\\Tuck\\AppData\\Local\\FoundryVTT\\Data\\systems\\continuum-v2\\modules\\temporal-engine\\projection.js": {"path":"C:\\Users\\Tuck\\AppData\\Local\\FoundryVTT\\Data\\systems\\continuum-v2\\modules\\temporal-engine\\projection.js","statementMap":{"0":{"start":{"line":18,"column":2},"end":{"line":21,"column":4}},"1":{"start":{"line":33,"column":2},"end":{"line":36,"column":4}}},"fnMap":{"0":{"name":"worldToScreen","decl":{"start":{"line":17,"column":16},"end":{"line":17,"column":29}},"loc":{"start":{"line":17,"column":52},"end":{"line":22,"column":1}},"line":17},"1":{"name":"screenToWorld","decl":{"start":{"line":32,"column":16},"end":{"line":32,"column":29}},"loc":{"start":{"line":32,"column":47},"end":{"line":37,"column":1}},"line":32}},"branchMap":{},"s":{"0":1,"1":1},"f":{"0":1,"1":1},"b":{},"meta":{"lastBranch":0,"lastFunction":2,"lastStatement":2,"seen":{"f:17:16:17:29":0,"s:18:2:21:4":0,"f:32:16:32:29":1,"s:33:2:36:4":1}}}
,"C:\\Users\\Tuck\\AppData\\Local\\FoundryVTT\\Data\\systems\\continuum-v2\\modules\\temporal-engine\\resolve-coordinates.js": {"path":"C:\\Users\\Tuck\\AppData\\Local\\FoundryVTT\\Data\\systems\\continuum-v2\\modules\\temporal-engine\\resolve-coordinates.js","statementMap":{"0":{"start":{"line":14,"column":19},"end":{"line":14,"column":41}},"1":{"start":{"line":15,"column":20},"end":{"line":15,"column":44}},"2":{"start":{"line":16,"column":2},"end":{"line":16,"column":39}}},"fnMap":{"0":{"name":"resolveCoordinates","decl":{"start":{"line":13,"column":16},"end":{"line":13,"column":34}},"loc":{"start":{"line":13,"column":49},"end":{"line":17,"column":1}},"line":13}},"branchMap":{},"s":{"0":3,"1":3,"2":3},"f":{"0":3},"b":{},"meta":{"lastBranch":0,"lastFunction":1,"lastStatement":3,"seen":{"f:13:16:13:34":0,"s:14:19:14:41":0,"s:15:20:15:44":1,"s:16:2:16:39":2}}}
}
